<?xml version="1.0" encoding="utf-8" standalone="no"?>
<!--This file represents the results of running a test suite-->
<test-results name="C:\Users\adelt\Downloads\Compressed\Module Praktikum 05\02 tugas\TugasLibraryUnitTest\bin\Debug\TugasLibraryUnitTest.dll" total="2" errors="0" failures="0" not-run="0" inconclusive="0" ignored="0" skipped="0" invalid="0" date="2021-10-27" time="14:52:01">
  <environment nunit-version="2.6.4.14350" clr-version="2.0.50727.9157" os-version="Microsoft Windows NT 6.2.9200.0" platform="Win32NT" cwd="C:\Users\adelt\Downloads\Compressed\Module Praktikum 05\tools-testing" machine-name="ADELT" user="adelt" user-domain="ADELT" />
  <culture-info current-culture="en-ID" current-uiculture="en-US" />
  <test-suite type="Assembly" name="C:\Users\adelt\Downloads\Compressed\Module Praktikum 05\02 tugas\TugasLibraryUnitTest\bin\Debug\TugasLibraryUnitTest.dll" executed="True" result="Success" success="True" time="0.076" asserts="0">
    <results>
      <test-suite type="Namespace" name="TugasLibraryUnitTest" executed="True" result="Success" success="True" time="0.064" asserts="0">
        <results>
          <test-suite type="TestFixture" name="TugasLibraryTest" executed="True" result="Success" success="True" time="0.063" asserts="0">
            <results>
              <test-case name="TugasLibraryUnitTest.TugasLibraryTest.NameOfTheDayTest" executed="True" result="Success" success="True" time="0.035" asserts="7" />
              <test-case name="TugasLibraryUnitTest.TugasLibraryTest.TestUserValid" executed="True" result="Success" success="True" time="0.001" asserts="1" />
            </results>
          </test-suite>
        </results>
      </test-suite>
    </results>
  </test-suite>
</test-results>